Using pre-set license
Built from '2020.2/staging' branch; Version is '2020.2.6f1 (8a2143876886) revision 9052483'; Using compiler version '192528614'; Build Type 'Release'
OS: 'Windows 10 Home; OS build 19041.867; Version 2004; 64bit' Language: 'en' Physical Memory: 16348 MB
BatchMode: 1, IsHumanControllingUs: 0, StartBugReporterOnCrash: 0, Is64bit: 1, IsPro: 0

 COMMAND LINE ARGUMENTS:
D:\Program Files\UnityEditor\2020.2.6f1\Editor\Unity.exe
-adb2
-batchMode
-noUpm
-name
AssetImportWorker0
-projectPath
D:/Tristan Macaulay/Documents/UnityProjects/shark_AI
-logFile
Logs/AssetImportWorker0.log
-srvPort
64302
Successfully changed project path to: D:/Tristan Macaulay/Documents/UnityProjects/shark_AI
D:/Tristan Macaulay/Documents/UnityProjects/shark_AI
Using Asset Import Pipeline V2.
Refreshing native plugins compatible for Editor in 37.49 ms, found 1 plugins.
Preloading 0 native plugins for Editor in 0.00 ms.
Initialize engine version: 2020.2.6f1 (8a2143876886)
[Subsystems] Discovering subsystems at path D:/Program Files/UnityEditor/2020.2.6f1/Editor/Data/Resources/UnitySubsystems
[Subsystems] Discovering subsystems at path D:/Tristan Macaulay/Documents/UnityProjects/shark_AI/Assets
GfxDevice: creating device client; threaded=0
Direct3D:
    Version:  Direct3D 11.0 [level 11.1]
    Renderer: NVIDIA GeForce GTX 1080 (ID=0x1b80)
    Vendor:   
    VRAM:     8079 MB
    Driver:   27.21.14.6172
Initialize mono
Mono path[0] = 'D:/Program Files/UnityEditor/2020.2.6f1/Editor/Data/Managed'
Mono path[1] = 'D:/Program Files/UnityEditor/2020.2.6f1/Editor/Data/MonoBleedingEdge/lib/mono/unityjit'
Mono config path = 'D:/Program Files/UnityEditor/2020.2.6f1/Editor/Data/MonoBleedingEdge/etc'
Using monoOptions --debugger-agent=transport=dt_socket,embedding=1,server=y,suspend=n,address=127.0.0.1:56416
Begin MonoManager ReloadAssembly
Registering precompiled unity dll's ...
Register platform support module: D:/Program Files/UnityEditor/2020.2.6f1/Editor/Data/PlaybackEngines/MacStandaloneSupport/UnityEditor.OSXStandalone.Extensions.dll
Register platform support module: D:/Program Files/UnityEditor/2020.2.6f1/Editor/Data/PlaybackEngines/WindowsStandaloneSupport/UnityEditor.WindowsStandalone.Extensions.dll
Registered in 0.001639 seconds.
Native extension for WindowsStandalone target not found
Native extension for OSXStandalone target not found
Refreshing native plugins compatible for Editor in 34.50 ms, found 1 plugins.
Preloading 0 native plugins for Editor in 0.00 ms.
Invoked RoslynAnalysisRunner static constructor.
RoslynAnalysisRunner will not be running.
RoslynAnalysisRunner has terminated.
Mono: successfully reloaded assembly
- Completed reload, in  1.395 seconds
Platform modules already initialized, skipping
Registering precompiled user dll's ...
Registered in 0.000990 seconds.
Begin MonoManager ReloadAssembly
Native extension for WindowsStandalone target not found
Native extension for OSXStandalone target not found
Refreshing native plugins compatible for Editor in 39.18 ms, found 1 plugins.
Preloading 0 native plugins for Editor in 0.00 ms.
Invoked RoslynAnalysisRunner static constructor.
RoslynAnalysisRunner will not be running.
RoslynAnalysisRunner has terminated.
Mono: successfully reloaded assembly
- Completed reload, in  0.972 seconds
Platform modules already initialized, skipping
========================================================================
Worker process is ready to serve import requests
Launched and connected shader compiler UnityShaderCompiler.exe after 0.05 seconds
Refreshing native plugins compatible for Editor in 0.34 ms, found 1 plugins.
Preloading 0 native plugins for Editor in 0.00 ms.
Unloading 1805 Unused Serialized files (Serialized files now loaded: 0)
System memory in use before: 84.8 MB.
System memory in use after: 84.9 MB.

Unloading 19 unused Assets to reduce memory usage. Loaded Objects now: 2255.
Total: 2.028100 ms (FindLiveObjects: 0.203600 ms CreateObjectMapping: 0.087600 ms MarkObjects: 1.648900 ms  DeleteObjects: 0.086900 ms)

========================================================================
Received Import Request.
  path: Assets/pathfollower.prefab
  artifactKey: Guid(a96e49d7db90a9f43acb4fbacba5f969) Importer(815301076,1909f56bfc062723c751e8b465ee728b)
Start importing Assets/pathfollower.prefab using Guid(a96e49d7db90a9f43acb4fbacba5f969) Importer(815301076,1909f56bfc062723c751e8b465ee728b)  -> (artifact id: '886c739f860b9bfd0ff1e7be8b780299') in 0.122861 seconds
  Import took 0.125941 seconds .

========================================================================
Received Prepare
Refreshing native plugins compatible for Editor in 1.84 ms, found 1 plugins.
Preloading 0 native plugins for Editor in 0.00 ms.
Unloading 5 Unused Serialized files (Serialized files now loaded: 0)
System memory in use before: 52.4 MB.
System memory in use after: 52.5 MB.

Unloading 6 unused Assets to reduce memory usage. Loaded Objects now: 2262.
Total: 2.433800 ms (FindLiveObjects: 0.204800 ms CreateObjectMapping: 0.058200 ms MarkObjects: 2.154600 ms  DeleteObjects: 0.015000 ms)

========================================================================
Received Import Request.
  Time since last request: 117.604673 seconds.
  path: Assets/SharkFSM.cs
  artifactKey: Guid(d516afb82b9c30847b71dba915df4075) Importer(815301076,1909f56bfc062723c751e8b465ee728b)
Start importing Assets/SharkFSM.cs using Guid(d516afb82b9c30847b71dba915df4075) Importer(815301076,1909f56bfc062723c751e8b465ee728b)  -> (artifact id: 'd4d55852ef319c4dff44452ffd333b56') in 0.013521 seconds
  Import took 0.016454 seconds .

========================================================================
Received Import Request.
  Time since last request: 1.270780 seconds.
  path: Assets/TorpedoCannonFSM.cs
  artifactKey: Guid(f81ef954c6e73d6428baeda65907a653) Importer(815301076,1909f56bfc062723c751e8b465ee728b)
Start importing Assets/TorpedoCannonFSM.cs using Guid(f81ef954c6e73d6428baeda65907a653) Importer(815301076,1909f56bfc062723c751e8b465ee728b)  -> (artifact id: 'd1c89cdc5e54527219def7d70b3897d8') in 0.007871 seconds
  Import took 0.010983 seconds .

========================================================================
Received Import Request.
  Time since last request: 1.009234 seconds.
  path: Assets/torpedo.prefab
  artifactKey: Guid(47476c379c49a9d458fa673fa564cbdb) Importer(815301076,1909f56bfc062723c751e8b465ee728b)
Start importing Assets/torpedo.prefab using Guid(47476c379c49a9d458fa673fa564cbdb) Importer(815301076,1909f56bfc062723c751e8b465ee728b)  -> (artifact id: 'c6f9a93037985a9e625920a19471b2a0') in 0.021960 seconds
  Import took 0.024978 seconds .

========================================================================
Received Import Request.
  Time since last request: 0.366453 seconds.
  path: Assets/Torpedo.cs
  artifactKey: Guid(f83663dfbf619414ea08818c40f6d4d1) Importer(815301076,1909f56bfc062723c751e8b465ee728b)
Start importing Assets/Torpedo.cs using Guid(f83663dfbf619414ea08818c40f6d4d1) Importer(815301076,1909f56bfc062723c751e8b465ee728b)  -> (artifact id: 'c943c9443715f3b8b83d20f9eebd9e6c') in 0.007891 seconds
  Import took 0.010659 seconds .

========================================================================
Received Import Request.
  Time since last request: 32.360833 seconds.
  path: Assets/Torpedo.cs
  artifactKey: Guid(f83663dfbf619414ea08818c40f6d4d1) Importer(815301076,1909f56bfc062723c751e8b465ee728b)
Start importing Assets/Torpedo.cs using Guid(f83663dfbf619414ea08818c40f6d4d1) Importer(815301076,1909f56bfc062723c751e8b465ee728b)  -> (artifact id: 'cf125cedae0b6758e20ac088a54d0897') in 0.008316 seconds
  Import took 0.012094 seconds .

========================================================================
Received Prepare
Registering precompiled user dll's ...
Registered in 0.001360 seconds.
Begin MonoManager ReloadAssembly
Native extension for WindowsStandalone target not found
Native extension for OSXStandalone target not found
Refreshing native plugins compatible for Editor in 0.32 ms, found 1 plugins.
Preloading 0 native plugins for Editor in 0.00 ms.
Invoked RoslynAnalysisRunner static constructor.
RoslynAnalysisRunner will not be running.
RoslynAnalysisRunner has terminated.
Mono: successfully reloaded assembly
- Completed reload, in  0.903 seconds
Platform modules already initialized, skipping
Refreshing native plugins compatible for Editor in 0.36 ms, found 1 plugins.
Preloading 0 native plugins for Editor in 0.00 ms.
Unloading 1795 Unused Serialized files (Serialized files now loaded: 0)
System memory in use before: 87.5 MB.
System memory in use after: 87.6 MB.

Unloading 8 unused Assets to reduce memory usage. Loaded Objects now: 2264.
Total: 2.009900 ms (FindLiveObjects: 0.335000 ms CreateObjectMapping: 0.079900 ms MarkObjects: 1.579100 ms  DeleteObjects: 0.015000 ms)

========================================================================
Received Prepare
Registering precompiled user dll's ...
Registered in 0.001434 seconds.
Begin MonoManager ReloadAssembly
Native extension for WindowsStandalone target not found
Native extension for OSXStandalone target not found
Refreshing native plugins compatible for Editor in 0.33 ms, found 1 plugins.
Preloading 0 native plugins for Editor in 0.00 ms.
Invoked RoslynAnalysisRunner static constructor.
RoslynAnalysisRunner will not be running.
RoslynAnalysisRunner has terminated.
Mono: successfully reloaded assembly
- Completed reload, in  0.867 seconds
Platform modules already initialized, skipping
Refreshing native plugins compatible for Editor in 0.35 ms, found 1 plugins.
Preloading 0 native plugins for Editor in 0.00 ms.
Unloading 1795 Unused Serialized files (Serialized files now loaded: 0)
System memory in use before: 87.6 MB.
System memory in use after: 87.7 MB.

Unloading 8 unused Assets to reduce memory usage. Loaded Objects now: 2266.
Total: 1.932400 ms (FindLiveObjects: 0.264100 ms CreateObjectMapping: 0.062600 ms MarkObjects: 1.591000 ms  DeleteObjects: 0.014000 ms)

========================================================================
Received Import Request.
  Time since last request: 226.458011 seconds.
  path: Assets/Torpedo.cs
  artifactKey: Guid(f83663dfbf619414ea08818c40f6d4d1) Importer(815301076,1909f56bfc062723c751e8b465ee728b)
Start importing Assets/Torpedo.cs using Guid(f83663dfbf619414ea08818c40f6d4d1) Importer(815301076,1909f56bfc062723c751e8b465ee728b)  -> (artifact id: '102b1a5cfd3a03953e8b69a306984ab2') in 0.007553 seconds
  Import took 0.011044 seconds .

========================================================================
Received Prepare
Registering precompiled user dll's ...
Registered in 0.001094 seconds.
Begin MonoManager ReloadAssembly
Native extension for WindowsStandalone target not found
Native extension for OSXStandalone target not found
Refreshing native plugins compatible for Editor in 0.31 ms, found 1 plugins.
Preloading 0 native plugins for Editor in 0.00 ms.
Invoked RoslynAnalysisRunner static constructor.
RoslynAnalysisRunner will not be running.
RoslynAnalysisRunner has terminated.
Mono: successfully reloaded assembly
- Completed reload, in  0.942 seconds
Platform modules already initialized, skipping
Refreshing native plugins compatible for Editor in 0.32 ms, found 1 plugins.
Preloading 0 native plugins for Editor in 0.00 ms.
Unloading 1795 Unused Serialized files (Serialized files now loaded: 0)
System memory in use before: 87.6 MB.
System memory in use after: 87.7 MB.

Unloading 8 unused Assets to reduce memory usage. Loaded Objects now: 2268.
Total: 2.226800 ms (FindLiveObjects: 0.489100 ms CreateObjectMapping: 0.202600 ms MarkObjects: 1.513100 ms  DeleteObjects: 0.020500 ms)

========================================================================
Received Import Request.
  Time since last request: 334.101556 seconds.
  path: Assets/pathfollower.prefab
  artifactKey: Guid(a96e49d7db90a9f43acb4fbacba5f969) Importer(815301076,1909f56bfc062723c751e8b465ee728b)
Start importing Assets/pathfollower.prefab using Guid(a96e49d7db90a9f43acb4fbacba5f969) Importer(815301076,1909f56bfc062723c751e8b465ee728b)  -> (artifact id: '7c899e95a365d691451cbb219c03304f') in 0.072789 seconds
  Import took 0.076824 seconds .

========================================================================
Received Import Request.
  Time since last request: 0.045560 seconds.
  path: Assets/pathfollower.prefab
  artifactKey: Guid(a96e49d7db90a9f43acb4fbacba5f969) Importer(815301076,1909f56bfc062723c751e8b465ee728b)
Start importing Assets/pathfollower.prefab using Guid(a96e49d7db90a9f43acb4fbacba5f969) Importer(815301076,1909f56bfc062723c751e8b465ee728b)  -> (artifact id: '7c899e95a365d691451cbb219c03304f') in 0.022446 seconds
  Import took 0.027110 seconds .

========================================================================
Received Prepare
Registering precompiled user dll's ...
Registered in 0.001564 seconds.
Begin MonoManager ReloadAssembly
Native extension for WindowsStandalone target not found
Native extension for OSXStandalone target not found
Refreshing native plugins compatible for Editor in 0.36 ms, found 1 plugins.
Preloading 0 native plugins for Editor in 0.00 ms.
Invoked RoslynAnalysisRunner static constructor.
RoslynAnalysisRunner will not be running.
RoslynAnalysisRunner has terminated.
Mono: successfully reloaded assembly
- Completed reload, in  0.986 seconds
Platform modules already initialized, skipping
Refreshing native plugins compatible for Editor in 0.32 ms, found 1 plugins.
Preloading 0 native plugins for Editor in 0.00 ms.
Unloading 1795 Unused Serialized files (Serialized files now loaded: 0)
System memory in use before: 87.6 MB.
System memory in use after: 87.7 MB.

Unloading 9 unused Assets to reduce memory usage. Loaded Objects now: 2271.
Total: 1.858600 ms (FindLiveObjects: 0.144100 ms CreateObjectMapping: 0.050200 ms MarkObjects: 1.644300 ms  DeleteObjects: 0.019200 ms)

========================================================================
Received Prepare
Registering precompiled user dll's ...
Registered in 0.000987 seconds.
Begin MonoManager ReloadAssembly
Native extension for WindowsStandalone target not found
Native extension for OSXStandalone target not found
Refreshing native plugins compatible for Editor in 0.36 ms, found 1 plugins.
Preloading 0 native plugins for Editor in 0.00 ms.
Invoked RoslynAnalysisRunner static constructor.
RoslynAnalysisRunner will not be running.
RoslynAnalysisRunner has terminated.
Mono: successfully reloaded assembly
- Completed reload, in  0.886 seconds
Platform modules already initialized, skipping
Refreshing native plugins compatible for Editor in 0.41 ms, found 1 plugins.
Preloading 0 native plugins for Editor in 0.00 ms.
Unloading 1795 Unused Serialized files (Serialized files now loaded: 0)
System memory in use before: 87.6 MB.
System memory in use after: 87.7 MB.

Unloading 8 unused Assets to reduce memory usage. Loaded Objects now: 2273.
Total: 2.148200 ms (FindLiveObjects: 0.267000 ms CreateObjectMapping: 0.083700 ms MarkObjects: 1.763800 ms  DeleteObjects: 0.032300 ms)

========================================================================
Received Prepare
Registering precompiled user dll's ...
Registered in 0.001049 seconds.
Begin MonoManager ReloadAssembly
Native extension for WindowsStandalone target not found
Native extension for OSXStandalone target not found
Refreshing native plugins compatible for Editor in 0.30 ms, found 1 plugins.
Preloading 0 native plugins for Editor in 0.00 ms.
Invoked RoslynAnalysisRunner static constructor.
RoslynAnalysisRunner will not be running.
RoslynAnalysisRunner has terminated.
Mono: successfully reloaded assembly
- Completed reload, in  0.906 seconds
Platform modules already initialized, skipping
Refreshing native plugins compatible for Editor in 0.32 ms, found 1 plugins.
Preloading 0 native plugins for Editor in 0.00 ms.
Unloading 1795 Unused Serialized files (Serialized files now loaded: 0)
System memory in use before: 87.6 MB.
System memory in use after: 87.7 MB.

Unloading 8 unused Assets to reduce memory usage. Loaded Objects now: 2275.
Total: 2.246900 ms (FindLiveObjects: 0.323400 ms CreateObjectMapping: 0.076400 ms MarkObjects: 1.829300 ms  DeleteObjects: 0.016400 ms)

========================================================================
Received Prepare
Registering precompiled user dll's ...
Registered in 0.001517 seconds.
Begin MonoManager ReloadAssembly
Native extension for WindowsStandalone target not found
Native extension for OSXStandalone target not found
Refreshing native plugins compatible for Editor in 0.30 ms, found 1 plugins.
Preloading 0 native plugins for Editor in 0.00 ms.
Invoked RoslynAnalysisRunner static constructor.
RoslynAnalysisRunner will not be running.
RoslynAnalysisRunner has terminated.
Mono: successfully reloaded assembly
- Completed reload, in  0.893 seconds
Platform modules already initialized, skipping
Refreshing native plugins compatible for Editor in 0.34 ms, found 1 plugins.
Preloading 0 native plugins for Editor in 0.00 ms.
Unloading 1795 Unused Serialized files (Serialized files now loaded: 0)
System memory in use before: 87.6 MB.
System memory in use after: 87.7 MB.

Unloading 8 unused Assets to reduce memory usage. Loaded Objects now: 2277.
Total: 1.888400 ms (FindLiveObjects: 0.165600 ms CreateObjectMapping: 0.065600 ms MarkObjects: 1.640900 ms  DeleteObjects: 0.015400 ms)

========================================================================
Received Prepare
Registering precompiled user dll's ...
Registered in 0.001594 seconds.
Begin MonoManager ReloadAssembly
Native extension for WindowsStandalone target not found
Native extension for OSXStandalone target not found
Refreshing native plugins compatible for Editor in 0.42 ms, found 1 plugins.
Preloading 0 native plugins for Editor in 0.00 ms.
Invoked RoslynAnalysisRunner static constructor.
RoslynAnalysisRunner will not be running.
RoslynAnalysisRunner has terminated.
Mono: successfully reloaded assembly
- Completed reload, in  0.926 seconds
Platform modules already initialized, skipping
Refreshing native plugins compatible for Editor in 0.35 ms, found 1 plugins.
Preloading 0 native plugins for Editor in 0.00 ms.
Unloading 1795 Unused Serialized files (Serialized files now loaded: 0)
System memory in use before: 87.6 MB.
System memory in use after: 87.8 MB.

Unloading 8 unused Assets to reduce memory usage. Loaded Objects now: 2279.
Total: 1.935600 ms (FindLiveObjects: 0.227800 ms CreateObjectMapping: 0.085100 ms MarkObjects: 1.592300 ms  DeleteObjects: 0.029500 ms)

========================================================================
Received Import Request.
  Time since last request: 683.597932 seconds.
  path: Assets/pathfollower.prefab
  artifactKey: Guid(a96e49d7db90a9f43acb4fbacba5f969) Importer(815301076,1909f56bfc062723c751e8b465ee728b)
Start importing Assets/pathfollower.prefab using Guid(a96e49d7db90a9f43acb4fbacba5f969) Importer(815301076,1909f56bfc062723c751e8b465ee728b)  -> (artifact id: '856f344d078e2788a09cdb8597bc7833') in 0.078393 seconds
  Import took 0.082480 seconds .

========================================================================
Received Prepare
Registering precompiled user dll's ...
Registered in 0.001106 seconds.
Begin MonoManager ReloadAssembly
Native extension for WindowsStandalone target not found
Native extension for OSXStandalone target not found
Refreshing native plugins compatible for Editor in 0.62 ms, found 1 plugins.
Preloading 0 native plugins for Editor in 0.00 ms.
Invoked RoslynAnalysisRunner static constructor.
RoslynAnalysisRunner will not be running.
RoslynAnalysisRunner has terminated.
Mono: successfully reloaded assembly
- Completed reload, in  0.946 seconds
Platform modules already initialized, skipping
Refreshing native plugins compatible for Editor in 0.30 ms, found 1 plugins.
Preloading 0 native plugins for Editor in 0.00 ms.
Unloading 1795 Unused Serialized files (Serialized files now loaded: 0)
System memory in use before: 87.7 MB.
System memory in use after: 87.8 MB.

Unloading 9 unused Assets to reduce memory usage. Loaded Objects now: 2282.
Total: 1.916800 ms (FindLiveObjects: 0.208200 ms CreateObjectMapping: 0.066800 ms MarkObjects: 1.618900 ms  DeleteObjects: 0.021800 ms)

========================================================================
Received Prepare
Registering precompiled user dll's ...
Registered in 0.000959 seconds.
Begin MonoManager ReloadAssembly
Native extension for WindowsStandalone target not found
Native extension for OSXStandalone target not found
Refreshing native plugins compatible for Editor in 0.31 ms, found 1 plugins.
Preloading 0 native plugins for Editor in 0.00 ms.
Invoked RoslynAnalysisRunner static constructor.
RoslynAnalysisRunner will not be running.
RoslynAnalysisRunner has terminated.
Mono: successfully reloaded assembly
- Completed reload, in  0.891 seconds
Platform modules already initialized, skipping
Refreshing native plugins compatible for Editor in 0.38 ms, found 1 plugins.
Preloading 0 native plugins for Editor in 0.00 ms.
Unloading 1795 Unused Serialized files (Serialized files now loaded: 0)
System memory in use before: 87.7 MB.
System memory in use after: 87.8 MB.

Unloading 8 unused Assets to reduce memory usage. Loaded Objects now: 2284.
Total: 1.878700 ms (FindLiveObjects: 0.165600 ms CreateObjectMapping: 0.061000 ms MarkObjects: 1.635800 ms  DeleteObjects: 0.015400 ms)

========================================================================
Received Import Request.
  Time since last request: 110.426643 seconds.
  path: Assets/pathfollower.prefab
  artifactKey: Guid(a96e49d7db90a9f43acb4fbacba5f969) Importer(815301076,1909f56bfc062723c751e8b465ee728b)
Start importing Assets/pathfollower.prefab using Guid(a96e49d7db90a9f43acb4fbacba5f969) Importer(815301076,1909f56bfc062723c751e8b465ee728b)  -> (artifact id: '63007fb105673d2b3bddf4c4077b6f92') in 0.070669 seconds
  Import took 0.073842 seconds .

========================================================================
Received Prepare
Registering precompiled user dll's ...
Registered in 0.001133 seconds.
Begin MonoManager ReloadAssembly
Native extension for WindowsStandalone target not found
Native extension for OSXStandalone target not found
Refreshing native plugins compatible for Editor in 0.42 ms, found 1 plugins.
Preloading 0 native plugins for Editor in 0.00 ms.
Invoked RoslynAnalysisRunner static constructor.
RoslynAnalysisRunner will not be running.
RoslynAnalysisRunner has terminated.
Mono: successfully reloaded assembly
- Completed reload, in  0.934 seconds
Platform modules already initialized, skipping
Refreshing native plugins compatible for Editor in 0.30 ms, found 1 plugins.
Preloading 0 native plugins for Editor in 0.00 ms.
Unloading 1795 Unused Serialized files (Serialized files now loaded: 0)
System memory in use before: 87.7 MB.
System memory in use after: 87.8 MB.

Unloading 9 unused Assets to reduce memory usage. Loaded Objects now: 2287.
Total: 2.176100 ms (FindLiveObjects: 0.255100 ms CreateObjectMapping: 0.181200 ms MarkObjects: 1.706400 ms  DeleteObjects: 0.032600 ms)

========================================================================
Received Prepare
Registering precompiled user dll's ...
Registered in 0.001222 seconds.
Begin MonoManager ReloadAssembly
Native extension for WindowsStandalone target not found
Native extension for OSXStandalone target not found
Refreshing native plugins compatible for Editor in 0.34 ms, found 1 plugins.
Preloading 0 native plugins for Editor in 0.00 ms.
Invoked RoslynAnalysisRunner static constructor.
RoslynAnalysisRunner will not be running.
RoslynAnalysisRunner has terminated.
Mono: successfully reloaded assembly
- Completed reload, in  0.925 seconds
Platform modules already initialized, skipping
Refreshing native plugins compatible for Editor in 0.38 ms, found 1 plugins.
Preloading 0 native plugins for Editor in 0.00 ms.
Unloading 1795 Unused Serialized files (Serialized files now loaded: 0)
System memory in use before: 87.7 MB.
System memory in use after: 87.8 MB.

Unloading 8 unused Assets to reduce memory usage. Loaded Objects now: 2289.
Total: 2.193800 ms (FindLiveObjects: 0.237400 ms CreateObjectMapping: 0.140600 ms MarkObjects: 1.797500 ms  DeleteObjects: 0.016900 ms)

========================================================================
Received Prepare
Registering precompiled user dll's ...
Registered in 0.001082 seconds.
Begin MonoManager ReloadAssembly
Script error: OnTriggerEnter2D
This message parameter has to be of type: Collider2D
The message will be ignored.

Native extension for WindowsStandalone target not found
Native extension for OSXStandalone target not found
Refreshing native plugins compatible for Editor in 0.36 ms, found 1 plugins.
Preloading 0 native plugins for Editor in 0.00 ms.
Invoked RoslynAnalysisRunner static constructor.
RoslynAnalysisRunner will not be running.
RoslynAnalysisRunner has terminated.
Mono: successfully reloaded assembly
- Completed reload, in  0.847 seconds
Platform modules already initialized, skipping
Refreshing native plugins compatible for Editor in 0.40 ms, found 1 plugins.
Preloading 0 native plugins for Editor in 0.00 ms.
Unloading 1795 Unused Serialized files (Serialized files now loaded: 0)
System memory in use before: 87.8 MB.
System memory in use after: 87.9 MB.

Unloading 8 unused Assets to reduce memory usage. Loaded Objects now: 2291.
Total: 2.587000 ms (FindLiveObjects: 0.301800 ms CreateObjectMapping: 0.225800 ms MarkObjects: 2.039800 ms  DeleteObjects: 0.018400 ms)

========================================================================
Received Prepare
Registering precompiled user dll's ...
Registered in 0.001157 seconds.
Script error: OnTriggerEnter2D
This message parameter has to be of type: Collider2D
The message will be ignored.

Begin MonoManager ReloadAssembly
Script error: OnTriggerEnter2D
This message parameter has to be of type: Collider2D
The message will be ignored.

Native extension for WindowsStandalone target not found
Native extension for OSXStandalone target not found
Refreshing native plugins compatible for Editor in 0.36 ms, found 1 plugins.
Preloading 0 native plugins for Editor in 0.00 ms.
Invoked RoslynAnalysisRunner static constructor.
RoslynAnalysisRunner will not be running.
RoslynAnalysisRunner has terminated.
Mono: successfully reloaded assembly
- Completed reload, in  0.950 seconds
Platform modules already initialized, skipping
Refreshing native plugins compatible for Editor in 0.40 ms, found 1 plugins.
Preloading 0 native plugins for Editor in 0.00 ms.
Unloading 1795 Unused Serialized files (Serialized files now loaded: 0)
System memory in use before: 87.8 MB.
System memory in use after: 87.9 MB.

Unloading 8 unused Assets to reduce memory usage. Loaded Objects now: 2293.
Total: 3.009200 ms (FindLiveObjects: 0.308000 ms CreateObjectMapping: 0.173200 ms MarkObjects: 2.507000 ms  DeleteObjects: 0.019700 ms)

========================================================================
Received Import Request.
  Time since last request: 1151.213507 seconds.
  path: Assets/Torpedo.cs
  artifactKey: Guid(f83663dfbf619414ea08818c40f6d4d1) Importer(815301076,1909f56bfc062723c751e8b465ee728b)
Start importing Assets/Torpedo.cs using Guid(f83663dfbf619414ea08818c40f6d4d1) Importer(815301076,1909f56bfc062723c751e8b465ee728b)  -> (artifact id: '145920f4ade6dbd7e90a43f988fca3e5') in 0.007695 seconds
  Import took 0.011344 seconds .

========================================================================
Received Import Request.
  Time since last request: 0.036796 seconds.
  path: Assets/Torpedo.cs
  artifactKey: Guid(f83663dfbf619414ea08818c40f6d4d1) Importer(815301076,1909f56bfc062723c751e8b465ee728b)
Start importing Assets/Torpedo.cs using Guid(f83663dfbf619414ea08818c40f6d4d1) Importer(815301076,1909f56bfc062723c751e8b465ee728b)  -> (artifact id: '145920f4ade6dbd7e90a43f988fca3e5') in 0.010733 seconds
  Import took 0.028110 seconds .

========================================================================
Received Import Request.
  Time since last request: 0.574072 seconds.
  path: Assets/torpedo.prefab
  artifactKey: Guid(47476c379c49a9d458fa673fa564cbdb) Importer(815301076,1909f56bfc062723c751e8b465ee728b)
Start importing Assets/torpedo.prefab using Guid(47476c379c49a9d458fa673fa564cbdb) Importer(815301076,1909f56bfc062723c751e8b465ee728b)  -> (artifact id: 'c33304983a3d74af7d24271e475d050e') in 0.075301 seconds
  Import took 0.079349 seconds .

========================================================================
Received Prepare
Registering precompiled user dll's ...
Registered in 0.001019 seconds.
Script error: OnTriggerEnter2D
This message parameter has to be of type: Collider2D
The message will be ignored.

Begin MonoManager ReloadAssembly
Script error: OnTriggerEnter2D
This message parameter has to be of type: Collider2D
The message will be ignored.

Native extension for WindowsStandalone target not found
Native extension for OSXStandalone target not found
Refreshing native plugins compatible for Editor in 0.32 ms, found 1 plugins.
Preloading 0 native plugins for Editor in 0.00 ms.
Invoked RoslynAnalysisRunner static constructor.
RoslynAnalysisRunner will not be running.
RoslynAnalysisRunner has terminated.
Mono: successfully reloaded assembly
- Completed reload, in  0.924 seconds
Platform modules already initialized, skipping
Refreshing native plugins compatible for Editor in 0.30 ms, found 1 plugins.
Preloading 0 native plugins for Editor in 0.00 ms.
Unloading 1795 Unused Serialized files (Serialized files now loaded: 0)
System memory in use before: 87.8 MB.
System memory in use after: 88.0 MB.

Unloading 8 unused Assets to reduce memory usage. Loaded Objects now: 2296.
Total: 1.893400 ms (FindLiveObjects: 0.298900 ms CreateObjectMapping: 0.130500 ms MarkObjects: 1.448500 ms  DeleteObjects: 0.014400 ms)

========================================================================
Received Prepare
Registering precompiled user dll's ...
Registered in 0.001192 seconds.
Script error: OnTriggerEnter2D
This message parameter has to be of type: Collider2D
The message will be ignored.

Begin MonoManager ReloadAssembly
Native extension for WindowsStandalone target not found
Native extension for OSXStandalone target not found
Refreshing native plugins compatible for Editor in 0.35 ms, found 1 plugins.
Preloading 0 native plugins for Editor in 0.00 ms.
Invoked RoslynAnalysisRunner static constructor.
RoslynAnalysisRunner will not be running.
RoslynAnalysisRunner has terminated.
Mono: successfully reloaded assembly
- Completed reload, in  0.987 seconds
Platform modules already initialized, skipping
Refreshing native plugins compatible for Editor in 0.32 ms, found 1 plugins.
Preloading 0 native plugins for Editor in 0.00 ms.
Unloading 1795 Unused Serialized files (Serialized files now loaded: 0)
System memory in use before: 87.8 MB.
System memory in use after: 88.0 MB.

Unloading 8 unused Assets to reduce memory usage. Loaded Objects now: 2298.
Total: 2.345000 ms (FindLiveObjects: 0.292200 ms CreateObjectMapping: 0.137900 ms MarkObjects: 1.897700 ms  DeleteObjects: 0.016000 ms)

========================================================================
Received Prepare
Registering precompiled user dll's ...
Registered in 0.001011 seconds.
Begin MonoManager ReloadAssembly
Native extension for WindowsStandalone target not found
Native extension for OSXStandalone target not found
Refreshing native plugins compatible for Editor in 0.33 ms, found 1 plugins.
Preloading 0 native plugins for Editor in 0.00 ms.
Invoked RoslynAnalysisRunner static constructor.
RoslynAnalysisRunner will not be running.
RoslynAnalysisRunner has terminated.
Mono: successfully reloaded assembly
- Completed reload, in  0.897 seconds
Platform modules already initialized, skipping
Refreshing native plugins compatible for Editor in 0.34 ms, found 1 plugins.
Preloading 0 native plugins for Editor in 0.00 ms.
Unloading 1795 Unused Serialized files (Serialized files now loaded: 0)
System memory in use before: 87.9 MB.
System memory in use after: 88.0 MB.

Unloading 8 unused Assets to reduce memory usage. Loaded Objects now: 2300.
Total: 1.743500 ms (FindLiveObjects: 0.170200 ms CreateObjectMapping: 0.054400 ms MarkObjects: 1.491300 ms  DeleteObjects: 0.026800 ms)

========================================================================
Received Prepare
Registering precompiled user dll's ...
Registered in 0.001028 seconds.
Begin MonoManager ReloadAssembly
Native extension for WindowsStandalone target not found
Native extension for OSXStandalone target not found
Refreshing native plugins compatible for Editor in 0.32 ms, found 1 plugins.
Preloading 0 native plugins for Editor in 0.00 ms.
Invoked RoslynAnalysisRunner static constructor.
RoslynAnalysisRunner will not be running.
RoslynAnalysisRunner has terminated.
Mono: successfully reloaded assembly
- Completed reload, in  0.977 seconds
Platform modules already initialized, skipping
Refreshing native plugins compatible for Editor in 0.42 ms, found 1 plugins.
Preloading 0 native plugins for Editor in 0.00 ms.
Unloading 1795 Unused Serialized files (Serialized files now loaded: 0)
System memory in use before: 87.9 MB.
System memory in use after: 88.0 MB.

Unloading 8 unused Assets to reduce memory usage. Loaded Objects now: 2302.
Total: 1.780200 ms (FindLiveObjects: 0.186200 ms CreateObjectMapping: 0.067800 ms MarkObjects: 1.497500 ms  DeleteObjects: 0.027800 ms)

========================================================================
Received Import Request.
  Time since last request: 271.042460 seconds.
  path: ProjectSettings/TagManager.asset
  artifactKey: Guid(00000000000000003000000000000000) Importer(815301076,1909f56bfc062723c751e8b465ee728b)
Start importing ProjectSettings/TagManager.asset using Guid(00000000000000003000000000000000) Importer(815301076,1909f56bfc062723c751e8b465ee728b)  -> (artifact id: 'bfe9282ef8090b88199819c156ab0028') in 0.021641 seconds
  Import took 0.025591 seconds .

========================================================================
Received Import Request.
  Time since last request: 0.010815 seconds.
  path: ProjectSettings/TagManager.asset
  artifactKey: Guid(00000000000000003000000000000000) Importer(815301076,1909f56bfc062723c751e8b465ee728b)
Start importing ProjectSettings/TagManager.asset using Guid(00000000000000003000000000000000) Importer(815301076,1909f56bfc062723c751e8b465ee728b)  -> (artifact id: 'bfe9282ef8090b88199819c156ab0028') in 0.006935 seconds
  Import took 0.010058 seconds .

========================================================================
Received Import Request.
  Time since last request: 10.537219 seconds.
  path: Assets/Torpedo.cs
  artifactKey: Guid(f83663dfbf619414ea08818c40f6d4d1) Importer(815301076,1909f56bfc062723c751e8b465ee728b)
Start importing Assets/Torpedo.cs using Guid(f83663dfbf619414ea08818c40f6d4d1) Importer(815301076,1909f56bfc062723c751e8b465ee728b)  -> (artifact id: '275437385b098d85f57ea17e6ed5ce56') in 0.005085 seconds
  Import took 0.008796 seconds .

========================================================================
Received Import Request.
  Time since last request: 0.005980 seconds.
  path: Assets/Torpedo.cs
  artifactKey: Guid(f83663dfbf619414ea08818c40f6d4d1) Importer(815301076,1909f56bfc062723c751e8b465ee728b)
Start importing Assets/Torpedo.cs using Guid(f83663dfbf619414ea08818c40f6d4d1) Importer(815301076,1909f56bfc062723c751e8b465ee728b)  -> (artifact id: '275437385b098d85f57ea17e6ed5ce56') in 0.004718 seconds
  Import took 0.007840 seconds .

========================================================================
Received Import Request.
  Time since last request: 5.028645 seconds.
  path: Assets/pathfollower.prefab
  artifactKey: Guid(a96e49d7db90a9f43acb4fbacba5f969) Importer(815301076,1909f56bfc062723c751e8b465ee728b)
Start importing Assets/pathfollower.prefab using Guid(a96e49d7db90a9f43acb4fbacba5f969) Importer(815301076,1909f56bfc062723c751e8b465ee728b)  -> (artifact id: 'ac1e349cd5499e50a99729806bd4b11f') in 0.072619 seconds
  Import took 0.076872 seconds .

========================================================================
Received Prepare
Registering precompiled user dll's ...
Registered in 0.001254 seconds.
Begin MonoManager ReloadAssembly
Native extension for WindowsStandalone target not found
Native extension for OSXStandalone target not found
Refreshing native plugins compatible for Editor in 0.56 ms, found 1 plugins.
Preloading 0 native plugins for Editor in 0.00 ms.
Invoked RoslynAnalysisRunner static constructor.
RoslynAnalysisRunner will not be running.
RoslynAnalysisRunner has terminated.
Mono: successfully reloaded assembly
- Completed reload, in  0.988 seconds
Platform modules already initialized, skipping
Refreshing native plugins compatible for Editor in 0.33 ms, found 1 plugins.
Preloading 0 native plugins for Editor in 0.00 ms.
Unloading 1795 Unused Serialized files (Serialized files now loaded: 0)
System memory in use before: 87.9 MB.
System memory in use after: 88.0 MB.

Unloading 11 unused Assets to reduce memory usage. Loaded Objects now: 2305.
Total: 1.878400 ms (FindLiveObjects: 0.159600 ms CreateObjectMapping: 0.051700 ms MarkObjects: 1.648200 ms  DeleteObjects: 0.018100 ms)

========================================================================
Received Prepare
Registering precompiled user dll's ...
Registered in 0.001061 seconds.
Begin MonoManager ReloadAssembly
Native extension for WindowsStandalone target not found
Native extension for OSXStandalone target not found
Refreshing native plugins compatible for Editor in 0.57 ms, found 1 plugins.
Preloading 0 native plugins for Editor in 0.00 ms.
Invoked RoslynAnalysisRunner static constructor.
RoslynAnalysisRunner will not be running.
RoslynAnalysisRunner has terminated.
Mono: successfully reloaded assembly
- Completed reload, in  0.945 seconds
Platform modules already initialized, skipping
Refreshing native plugins compatible for Editor in 0.36 ms, found 1 plugins.
Preloading 0 native plugins for Editor in 0.00 ms.
Unloading 1795 Unused Serialized files (Serialized files now loaded: 0)
System memory in use before: 87.9 MB.
System memory in use after: 88.0 MB.

Unloading 8 unused Assets to reduce memory usage. Loaded Objects now: 2307.
Total: 1.816700 ms (FindLiveObjects: 0.207400 ms CreateObjectMapping: 0.074600 ms MarkObjects: 1.497400 ms  DeleteObjects: 0.036100 ms)

========================================================================
Received Prepare
Registering precompiled user dll's ...
Registered in 0.001446 seconds.
Begin MonoManager ReloadAssembly
Native extension for WindowsStandalone target not found
Native extension for OSXStandalone target not found
Refreshing native plugins compatible for Editor in 0.38 ms, found 1 plugins.
Preloading 0 native plugins for Editor in 0.00 ms.
Invoked RoslynAnalysisRunner static constructor.
RoslynAnalysisRunner will not be running.
RoslynAnalysisRunner has terminated.
Mono: successfully reloaded assembly
- Completed reload, in  0.975 seconds
Platform modules already initialized, skipping
Refreshing native plugins compatible for Editor in 0.32 ms, found 1 plugins.
Preloading 0 native plugins for Editor in 0.00 ms.
Unloading 1795 Unused Serialized files (Serialized files now loaded: 0)
System memory in use before: 87.9 MB.
System memory in use after: 88.0 MB.

Unloading 8 unused Assets to reduce memory usage. Loaded Objects now: 2309.
Total: 2.028000 ms (FindLiveObjects: 0.317900 ms CreateObjectMapping: 0.147400 ms MarkObjects: 1.532300 ms  DeleteObjects: 0.029400 ms)

========================================================================
Received Prepare
Registering precompiled user dll's ...
Registered in 0.001051 seconds.
Begin MonoManager ReloadAssembly
Native extension for WindowsStandalone target not found
Native extension for OSXStandalone target not found
Refreshing native plugins compatible for Editor in 0.43 ms, found 1 plugins.
Preloading 0 native plugins for Editor in 0.00 ms.
Invoked RoslynAnalysisRunner static constructor.
RoslynAnalysisRunner will not be running.
RoslynAnalysisRunner has terminated.
Mono: successfully reloaded assembly
- Completed reload, in  1.083 seconds
Platform modules already initialized, skipping
Refreshing native plugins compatible for Editor in 0.33 ms, found 1 plugins.
Preloading 0 native plugins for Editor in 0.00 ms.
Unloading 1795 Unused Serialized files (Serialized files now loaded: 0)
System memory in use before: 87.9 MB.
System memory in use after: 88.0 MB.

Unloading 8 unused Assets to reduce memory usage. Loaded Objects now: 2311.
Total: 2.322400 ms (FindLiveObjects: 0.343300 ms CreateObjectMapping: 0.124900 ms MarkObjects: 1.837200 ms  DeleteObjects: 0.015500 ms)

========================================================================
Received Prepare
Registering precompiled user dll's ...
Registered in 0.001216 seconds.
Begin MonoManager ReloadAssembly
Native extension for WindowsStandalone target not found
Native extension for OSXStandalone target not found
Refreshing native plugins compatible for Editor in 0.39 ms, found 1 plugins.
Preloading 0 native plugins for Editor in 0.00 ms.
Invoked RoslynAnalysisRunner static constructor.
RoslynAnalysisRunner will not be running.
RoslynAnalysisRunner has terminated.
Mono: successfully reloaded assembly
- Completed reload, in  0.894 seconds
Platform modules already initialized, skipping
Refreshing native plugins compatible for Editor in 0.35 ms, found 1 plugins.
Preloading 0 native plugins for Editor in 0.00 ms.
Unloading 1795 Unused Serialized files (Serialized files now loaded: 0)
System memory in use before: 87.9 MB.
System memory in use after: 88.0 MB.

Unloading 8 unused Assets to reduce memory usage. Loaded Objects now: 2313.
Total: 2.178100 ms (FindLiveObjects: 0.376300 ms CreateObjectMapping: 0.102800 ms MarkObjects: 1.651400 ms  DeleteObjects: 0.045900 ms)

========================================================================
Received Import Request.
  Time since last request: 795.201062 seconds.
  path: Assets/turret_body.png
  artifactKey: Guid(6c209cea9bf5b1c448d33108f69a9876) Importer(815301076,1909f56bfc062723c751e8b465ee728b)
Start importing Assets/turret_body.png using Guid(6c209cea9bf5b1c448d33108f69a9876) Importer(815301076,1909f56bfc062723c751e8b465ee728b)  -> (artifact id: '4de562955667411dbe4462b68c5cb040') in 0.174660 seconds
  Import took 0.178021 seconds .

========================================================================
Received Import Request.
  Time since last request: 0.154288 seconds.
  path: Assets/turret_cannon.png
  artifactKey: Guid(25767f0ef3d69834daabd357fc97b786) Importer(815301076,1909f56bfc062723c751e8b465ee728b)
Start importing Assets/turret_cannon.png using Guid(25767f0ef3d69834daabd357fc97b786) Importer(815301076,1909f56bfc062723c751e8b465ee728b)  -> (artifact id: '7b2657d90528f297970b13043137d144') in 0.027092 seconds
  Import took 0.030836 seconds .

========================================================================
Received Import Request.
  Time since last request: 0.000675 seconds.
  path: Assets/turret_cannon.png
  artifactKey: Guid(25767f0ef3d69834daabd357fc97b786) Importer(815301076,1909f56bfc062723c751e8b465ee728b)
Start importing Assets/turret_cannon.png using Guid(25767f0ef3d69834daabd357fc97b786) Importer(815301076,1909f56bfc062723c751e8b465ee728b)  -> (artifact id: '7b2657d90528f297970b13043137d144') in 0.021742 seconds
  Import took 0.025533 seconds .

========================================================================
Received Prepare
Registering precompiled user dll's ...
Registered in 0.000994 seconds.
Begin MonoManager ReloadAssembly
Native extension for WindowsStandalone target not found
Native extension for OSXStandalone target not found
Refreshing native plugins compatible for Editor in 0.32 ms, found 1 plugins.
Preloading 0 native plugins for Editor in 0.00 ms.
Invoked RoslynAnalysisRunner static constructor.
RoslynAnalysisRunner will not be running.
RoslynAnalysisRunner has terminated.
Mono: successfully reloaded assembly
- Completed reload, in  0.953 seconds
Platform modules already initialized, skipping
Refreshing native plugins compatible for Editor in 0.35 ms, found 1 plugins.
Preloading 0 native plugins for Editor in 0.00 ms.
Unloading 1795 Unused Serialized files (Serialized files now loaded: 0)
System memory in use before: 87.9 MB.
System memory in use after: 88.0 MB.

Unloading 8 unused Assets to reduce memory usage. Loaded Objects now: 2321.
Total: 1.797400 ms (FindLiveObjects: 0.266400 ms CreateObjectMapping: 0.066600 ms MarkObjects: 1.433600 ms  DeleteObjects: 0.029900 ms)

========================================================================
Received Prepare
Registering precompiled user dll's ...
Registered in 0.001269 seconds.
Begin MonoManager ReloadAssembly
Native extension for WindowsStandalone target not found
Native extension for OSXStandalone target not found
Refreshing native plugins compatible for Editor in 0.51 ms, found 1 plugins.
Preloading 0 native plugins for Editor in 0.00 ms.
Invoked RoslynAnalysisRunner static constructor.
RoslynAnalysisRunner will not be running.
RoslynAnalysisRunner has terminated.
Mono: successfully reloaded assembly
- Completed reload, in  0.920 seconds
Platform modules already initialized, skipping
Refreshing native plugins compatible for Editor in 0.31 ms, found 1 plugins.
Preloading 0 native plugins for Editor in 0.00 ms.
Unloading 1795 Unused Serialized files (Serialized files now loaded: 0)
System memory in use before: 87.9 MB.
System memory in use after: 88.0 MB.

Unloading 8 unused Assets to reduce memory usage. Loaded Objects now: 2323.
Total: 1.819700 ms (FindLiveObjects: 0.328900 ms CreateObjectMapping: 0.090000 ms MarkObjects: 1.384700 ms  DeleteObjects: 0.015000 ms)

========================================================================
Received Prepare
Registering precompiled user dll's ...
Registered in 0.001006 seconds.
Begin MonoManager ReloadAssembly
Native extension for WindowsStandalone target not found
Native extension for OSXStandalone target not found
Refreshing native plugins compatible for Editor in 0.45 ms, found 1 plugins.
Preloading 0 native plugins for Editor in 0.00 ms.
Invoked RoslynAnalysisRunner static constructor.
RoslynAnalysisRunner will not be running.
RoslynAnalysisRunner has terminated.
Mono: successfully reloaded assembly
- Completed reload, in  0.939 seconds
Platform modules already initialized, skipping
Refreshing native plugins compatible for Editor in 0.37 ms, found 1 plugins.
Preloading 0 native plugins for Editor in 0.00 ms.
Unloading 1795 Unused Serialized files (Serialized files now loaded: 0)
System memory in use before: 87.9 MB.
System memory in use after: 88.1 MB.

Unloading 8 unused Assets to reduce memory usage. Loaded Objects now: 2325.
Total: 4.069600 ms (FindLiveObjects: 0.973300 ms CreateObjectMapping: 0.524300 ms MarkObjects: 2.554700 ms  DeleteObjects: 0.016000 ms)

AssetImportWorkerClient::OnTransportError - code=2 error=End of file
