Using pre-set license
Built from '2020.2/staging' branch; Version is '2020.2.6f1 (8a2143876886) revision 9052483'; Using compiler version '192528614'; Build Type 'Release'
OS: 'Windows 10 Home; OS build 19042.867; Version 2009; 64bit' Language: 'en' Physical Memory: 8064 MB
BatchMode: 1, IsHumanControllingUs: 0, StartBugReporterOnCrash: 0, Is64bit: 1, IsPro: 0

 COMMAND LINE ARGUMENTS:
C:\Program Files\Unity\Hub\Editor\2020.2.6f1\Editor\Unity.exe
-adb2
-batchMode
-noUpm
-name
AssetImportWorker0
-projectPath
C:/Users/trist/Documents/UnityProjects/shark_AI
-logFile
Logs/AssetImportWorker0.log
-srvPort
63344
Successfully changed project path to: C:/Users/trist/Documents/UnityProjects/shark_AI
C:/Users/trist/Documents/UnityProjects/shark_AI
Using Asset Import Pipeline V2.
Refreshing native plugins compatible for Editor in 34.59 ms, found 1 plugins.
Preloading 0 native plugins for Editor in 0.00 ms.
Initialize engine version: 2020.2.6f1 (8a2143876886)
[Subsystems] Discovering subsystems at path C:/Program Files/Unity/Hub/Editor/2020.2.6f1/Editor/Data/Resources/UnitySubsystems
[Subsystems] Discovering subsystems at path C:/Users/trist/Documents/UnityProjects/shark_AI/Assets
GfxDevice: creating device client; threaded=0
Direct3D:
    Version:  Direct3D 11.0 [level 11.1]
    Renderer: Radeon (TM) 520 (ID=0x6665)
    Vendor:   
    VRAM:     2039 MB
    Driver:   26.20.15026.1
Initialize mono
Mono path[0] = 'C:/Program Files/Unity/Hub/Editor/2020.2.6f1/Editor/Data/Managed'
Mono path[1] = 'C:/Program Files/Unity/Hub/Editor/2020.2.6f1/Editor/Data/MonoBleedingEdge/lib/mono/unityjit'
Mono config path = 'C:/Program Files/Unity/Hub/Editor/2020.2.6f1/Editor/Data/MonoBleedingEdge/etc'
Using monoOptions --debugger-agent=transport=dt_socket,embedding=1,server=y,suspend=n,address=127.0.0.1:56796
Begin MonoManager ReloadAssembly
Registering precompiled unity dll's ...
Register platform support module: C:/Program Files/Unity/Hub/Editor/2020.2.6f1/Editor/Data/PlaybackEngines/MacStandaloneSupport/UnityEditor.OSXStandalone.Extensions.dll
Register platform support module: C:/Program Files/Unity/Hub/Editor/2020.2.6f1/Editor/Data/PlaybackEngines/WindowsStandaloneSupport/UnityEditor.WindowsStandalone.Extensions.dll
Registered in 0.002807 seconds.
Native extension for WindowsStandalone target not found
Native extension for OSXStandalone target not found
Refreshing native plugins compatible for Editor in 32.08 ms, found 1 plugins.
Preloading 0 native plugins for Editor in 0.00 ms.
Invoked RoslynAnalysisRunner static constructor.
RoslynAnalysisRunner will not be running.
RoslynAnalysisRunner has terminated.
Mono: successfully reloaded assembly
- Completed reload, in  1.177 seconds
Platform modules already initialized, skipping
Registering precompiled user dll's ...
Registered in 0.001161 seconds.
Begin MonoManager ReloadAssembly
Native extension for WindowsStandalone target not found
Native extension for OSXStandalone target not found
Refreshing native plugins compatible for Editor in 60.30 ms, found 1 plugins.
Preloading 0 native plugins for Editor in 0.00 ms.
Invoked RoslynAnalysisRunner static constructor.
RoslynAnalysisRunner will not be running.
RoslynAnalysisRunner has terminated.
Mono: successfully reloaded assembly
- Completed reload, in  0.934 seconds
Platform modules already initialized, skipping
========================================================================
Worker process is ready to serve import requests
Launched and connected shader compiler UnityShaderCompiler.exe after 0.07 seconds
Refreshing native plugins compatible for Editor in 0.32 ms, found 1 plugins.
Preloading 0 native plugins for Editor in 0.00 ms.
Unloading 1805 Unused Serialized files (Serialized files now loaded: 0)
System memory in use before: 84.8 MB.
System memory in use after: 84.9 MB.

Unloading 19 unused Assets to reduce memory usage. Loaded Objects now: 2255.
Total: 1.905200 ms (FindLiveObjects: 0.263500 ms CreateObjectMapping: 0.124900 ms MarkObjects: 1.458500 ms  DeleteObjects: 0.057500 ms)

========================================================================
Received Import Request.
  path: Assets/SteeringBehaviour.cs
  artifactKey: Guid(98c0d5bfa9a230145be9945b33f830f6) Importer(815301076,1909f56bfc062723c751e8b465ee728b)
Start importing Assets/SteeringBehaviour.cs using Guid(98c0d5bfa9a230145be9945b33f830f6) Importer(815301076,1909f56bfc062723c751e8b465ee728b)  -> (artifact id: '7b42c18a9e2113693feb584217a0edb2') in 0.036869 seconds
  Import took 0.040934 seconds .

========================================================================
Received Import Request.
  Time since last request: 809.325906 seconds.
  path: Assets/SteeringBehaviour.cs
  artifactKey: Guid(98c0d5bfa9a230145be9945b33f830f6) Importer(815301076,1909f56bfc062723c751e8b465ee728b)
Start importing Assets/SteeringBehaviour.cs using Guid(98c0d5bfa9a230145be9945b33f830f6) Importer(815301076,1909f56bfc062723c751e8b465ee728b)  -> (artifact id: '6426cded3838c2e6a05574d608211a74') in 0.007653 seconds
  Import took 0.016833 seconds .

========================================================================
Received Import Request.
  Time since last request: 42.339223 seconds.
  path: Assets/SteeringBehaviour.cs
  artifactKey: Guid(98c0d5bfa9a230145be9945b33f830f6) Importer(815301076,1909f56bfc062723c751e8b465ee728b)
Start importing Assets/SteeringBehaviour.cs using Guid(98c0d5bfa9a230145be9945b33f830f6) Importer(815301076,1909f56bfc062723c751e8b465ee728b)  -> (artifact id: '139c588b4ee76b44b8f4ba9983571d1d') in 0.007202 seconds
  Import took 0.014495 seconds .

========================================================================
Received Import Request.
  Time since last request: 499.177263 seconds.
  path: Assets/SteeringBehaviour.cs
  artifactKey: Guid(98c0d5bfa9a230145be9945b33f830f6) Importer(815301076,1909f56bfc062723c751e8b465ee728b)
Start importing Assets/SteeringBehaviour.cs using Guid(98c0d5bfa9a230145be9945b33f830f6) Importer(815301076,1909f56bfc062723c751e8b465ee728b)  -> (artifact id: '10cab843f34a721c05568143ea9d9b53') in 0.007112 seconds
  Import took 0.017166 seconds .

========================================================================
Received Prepare
Registering precompiled user dll's ...
Registered in 0.001706 seconds.
Begin MonoManager ReloadAssembly
Native extension for WindowsStandalone target not found
Native extension for OSXStandalone target not found
Refreshing native plugins compatible for Editor in 0.60 ms, found 1 plugins.
Preloading 0 native plugins for Editor in 0.00 ms.
Invoked RoslynAnalysisRunner static constructor.
RoslynAnalysisRunner will not be running.
RoslynAnalysisRunner has terminated.
Mono: successfully reloaded assembly
- Completed reload, in  1.987 seconds
Platform modules already initialized, skipping
Refreshing native plugins compatible for Editor in 0.66 ms, found 1 plugins.
Preloading 0 native plugins for Editor in 0.00 ms.
Unloading 1795 Unused Serialized files (Serialized files now loaded: 0)
System memory in use before: 84.4 MB.
System memory in use after: 84.5 MB.

Unloading 8 unused Assets to reduce memory usage. Loaded Objects now: 2257.
Total: 3.724700 ms (FindLiveObjects: 0.382500 ms CreateObjectMapping: 0.137700 ms MarkObjects: 3.169100 ms  DeleteObjects: 0.032700 ms)

========================================================================
Received Prepare
Registering precompiled user dll's ...
Registered in 0.002010 seconds.
Begin MonoManager ReloadAssembly
Native extension for WindowsStandalone target not found
Native extension for OSXStandalone target not found
Refreshing native plugins compatible for Editor in 0.52 ms, found 1 plugins.
Preloading 0 native plugins for Editor in 0.00 ms.
Invoked RoslynAnalysisRunner static constructor.
RoslynAnalysisRunner will not be running.
RoslynAnalysisRunner has terminated.
Mono: successfully reloaded assembly
- Completed reload, in  1.867 seconds
Platform modules already initialized, skipping
Refreshing native plugins compatible for Editor in 0.86 ms, found 1 plugins.
Preloading 0 native plugins for Editor in 0.00 ms.
Unloading 1795 Unused Serialized files (Serialized files now loaded: 0)
System memory in use before: 84.5 MB.
System memory in use after: 84.6 MB.

Unloading 8 unused Assets to reduce memory usage. Loaded Objects now: 2259.
Total: 3.321800 ms (FindLiveObjects: 0.520500 ms CreateObjectMapping: 0.126200 ms MarkObjects: 2.643400 ms  DeleteObjects: 0.029500 ms)

========================================================================
Received Import Request.
  Time since last request: 183.100245 seconds.
  path: Assets/SteeringBehaviour.cs
  artifactKey: Guid(98c0d5bfa9a230145be9945b33f830f6) Importer(815301076,1909f56bfc062723c751e8b465ee728b)
Start importing Assets/SteeringBehaviour.cs using Guid(98c0d5bfa9a230145be9945b33f830f6) Importer(815301076,1909f56bfc062723c751e8b465ee728b)  -> (artifact id: '612432c054622e5429d147c4f8a7da61') in 0.008802 seconds
  Import took 0.015054 seconds .

========================================================================
Received Import Request.
  Time since last request: 88.705570 seconds.
  path: Assets/tank_body.png
  artifactKey: Guid(179ccadf885a02042a8b4499e1cb6a9d) Importer(815301076,1909f56bfc062723c751e8b465ee728b)
Start importing Assets/tank_body.png using Guid(179ccadf885a02042a8b4499e1cb6a9d) Importer(815301076,1909f56bfc062723c751e8b465ee728b)  -> (artifact id: '28c8dcb3da334726eca3af25685a578f') in 0.475492 seconds
  Import took 0.482633 seconds .

========================================================================
Received Import Request.
  Time since last request: 0.264085 seconds.
  path: Assets/tank_wings.png
  artifactKey: Guid(524dad4542c3402438dce0288efb8d9d) Importer(815301076,1909f56bfc062723c751e8b465ee728b)
Start importing Assets/tank_wings.png using Guid(524dad4542c3402438dce0288efb8d9d) Importer(815301076,1909f56bfc062723c751e8b465ee728b)  -> (artifact id: '5ca4dfc613dc21f61624b177e336b45f') in 0.032978 seconds
  Import took 0.040606 seconds .

========================================================================
Received Import Request.
  Time since last request: 0.278998 seconds.
  path: Assets/Torpedo.cs
  artifactKey: Guid(f83663dfbf619414ea08818c40f6d4d1) Importer(815301076,1909f56bfc062723c751e8b465ee728b)
Start importing Assets/Torpedo.cs using Guid(f83663dfbf619414ea08818c40f6d4d1) Importer(815301076,1909f56bfc062723c751e8b465ee728b)  -> (artifact id: 'd4491234593edec8dbdbc4980592085f') in 0.007189 seconds
  Import took 0.014065 seconds .

========================================================================
Received Import Request.
  Time since last request: 1.020657 seconds.
  path: Assets/TorpedoCannonFSM.cs
  artifactKey: Guid(f81ef954c6e73d6428baeda65907a653) Importer(815301076,1909f56bfc062723c751e8b465ee728b)
Start importing Assets/TorpedoCannonFSM.cs using Guid(f81ef954c6e73d6428baeda65907a653) Importer(815301076,1909f56bfc062723c751e8b465ee728b)  -> (artifact id: 'f50d88acf8f7aabcedef67c3c17b82f6') in 0.006159 seconds
  Import took 0.012736 seconds .

========================================================================
Received Import Request.
  Time since last request: 0.237199 seconds.
  path: Assets/turret_body.png
  artifactKey: Guid(6c209cea9bf5b1c448d33108f69a9876) Importer(815301076,1909f56bfc062723c751e8b465ee728b)
Start importing Assets/turret_body.png using Guid(6c209cea9bf5b1c448d33108f69a9876) Importer(815301076,1909f56bfc062723c751e8b465ee728b)  -> (artifact id: '564a53217146ec03ce672b833576a02d') in 0.040262 seconds
  Import took 0.049530 seconds .

========================================================================
Received Import Request.
  Time since last request: 0.220294 seconds.
  path: Assets/turret_cannon.png
  artifactKey: Guid(25767f0ef3d69834daabd357fc97b786) Importer(815301076,1909f56bfc062723c751e8b465ee728b)
Start importing Assets/turret_cannon.png using Guid(25767f0ef3d69834daabd357fc97b786) Importer(815301076,1909f56bfc062723c751e8b465ee728b)  -> (artifact id: '96cdb0b2e5b18cabe61419182d7cfd59') in 0.023071 seconds
  Import took 0.029607 seconds .

========================================================================
Received Import Request.
  Time since last request: 2.051555 seconds.
  path: Assets/VisionCone.cs
  artifactKey: Guid(a9e2a47d1c690a64f828e284bc147132) Importer(815301076,1909f56bfc062723c751e8b465ee728b)
Start importing Assets/VisionCone.cs using Guid(a9e2a47d1c690a64f828e284bc147132) Importer(815301076,1909f56bfc062723c751e8b465ee728b)  -> (artifact id: '5b13ae427fcb41f02e190ba922cb5ef1') in 0.004874 seconds
  Import took 0.009485 seconds .

========================================================================
Received Import Request.
  Time since last request: 4.503640 seconds.
  path: Assets/player_sprite.png
  artifactKey: Guid(18dbf86cf895a9645b054fc34c0cb12d) Importer(815301076,1909f56bfc062723c751e8b465ee728b)
Start importing Assets/player_sprite.png using Guid(18dbf86cf895a9645b054fc34c0cb12d) Importer(815301076,1909f56bfc062723c751e8b465ee728b)  -> (artifact id: '25dc609d6d92589a650ee5c603fe81e4') in 0.027233 seconds
  Import took 0.034662 seconds .

========================================================================
Received Prepare
Registering precompiled user dll's ...
Registered in 0.002571 seconds.
Begin MonoManager ReloadAssembly
Native extension for WindowsStandalone target not found
Native extension for OSXStandalone target not found
Refreshing native plugins compatible for Editor in 0.65 ms, found 1 plugins.
Preloading 0 native plugins for Editor in 0.00 ms.
Invoked RoslynAnalysisRunner static constructor.
RoslynAnalysisRunner will not be running.
RoslynAnalysisRunner has terminated.
Mono: successfully reloaded assembly
- Completed reload, in  2.161 seconds
Platform modules already initialized, skipping
Refreshing native plugins compatible for Editor in 0.59 ms, found 1 plugins.
Preloading 0 native plugins for Editor in 0.00 ms.
Unloading 1795 Unused Serialized files (Serialized files now loaded: 0)
System memory in use before: 87.6 MB.
System memory in use after: 87.7 MB.

Unloading 8 unused Assets to reduce memory usage. Loaded Objects now: 2275.
Total: 3.646700 ms (FindLiveObjects: 0.354800 ms CreateObjectMapping: 0.133200 ms MarkObjects: 3.122000 ms  DeleteObjects: 0.034200 ms)

========================================================================
Received Prepare
Registering precompiled user dll's ...
Registered in 0.002475 seconds.
Begin MonoManager ReloadAssembly
Native extension for WindowsStandalone target not found
Native extension for OSXStandalone target not found
Refreshing native plugins compatible for Editor in 0.67 ms, found 1 plugins.
Preloading 0 native plugins for Editor in 0.00 ms.
Invoked RoslynAnalysisRunner static constructor.
RoslynAnalysisRunner will not be running.
RoslynAnalysisRunner has terminated.
Mono: successfully reloaded assembly
- Completed reload, in  2.201 seconds
Platform modules already initialized, skipping
Refreshing native plugins compatible for Editor in 0.57 ms, found 1 plugins.
Preloading 0 native plugins for Editor in 0.00 ms.
Unloading 1795 Unused Serialized files (Serialized files now loaded: 0)
System memory in use before: 87.6 MB.
System memory in use after: 87.7 MB.

Unloading 8 unused Assets to reduce memory usage. Loaded Objects now: 2277.
Total: 3.780200 ms (FindLiveObjects: 0.427900 ms CreateObjectMapping: 0.159300 ms MarkObjects: 3.135700 ms  DeleteObjects: 0.055100 ms)

========================================================================
Received Prepare
Registering precompiled user dll's ...
Registered in 0.003825 seconds.
Begin MonoManager ReloadAssembly
Native extension for WindowsStandalone target not found
Native extension for OSXStandalone target not found
Refreshing native plugins compatible for Editor in 0.54 ms, found 1 plugins.
Preloading 0 native plugins for Editor in 0.00 ms.
Invoked RoslynAnalysisRunner static constructor.
RoslynAnalysisRunner will not be running.
RoslynAnalysisRunner has terminated.
Mono: successfully reloaded assembly
- Completed reload, in  2.346 seconds
Platform modules already initialized, skipping
Refreshing native plugins compatible for Editor in 0.69 ms, found 1 plugins.
Preloading 0 native plugins for Editor in 0.00 ms.
Unloading 1795 Unused Serialized files (Serialized files now loaded: 0)
System memory in use before: 87.6 MB.
System memory in use after: 87.7 MB.

Unloading 8 unused Assets to reduce memory usage. Loaded Objects now: 2279.
Total: 6.149500 ms (FindLiveObjects: 1.529000 ms CreateObjectMapping: 0.281100 ms MarkObjects: 4.278800 ms  DeleteObjects: 0.057000 ms)

========================================================================
Received Prepare
Registering precompiled user dll's ...
Registered in 0.005152 seconds.
Begin MonoManager ReloadAssembly
Native extension for WindowsStandalone target not found
Native extension for OSXStandalone target not found
Refreshing native plugins compatible for Editor in 0.47 ms, found 1 plugins.
Preloading 0 native plugins for Editor in 0.00 ms.
Invoked RoslynAnalysisRunner static constructor.
RoslynAnalysisRunner will not be running.
RoslynAnalysisRunner has terminated.
Mono: successfully reloaded assembly
- Completed reload, in  1.790 seconds
Platform modules already initialized, skipping
Refreshing native plugins compatible for Editor in 0.81 ms, found 1 plugins.
Preloading 0 native plugins for Editor in 0.00 ms.
Unloading 1795 Unused Serialized files (Serialized files now loaded: 0)
System memory in use before: 87.6 MB.
System memory in use after: 87.7 MB.

Unloading 8 unused Assets to reduce memory usage. Loaded Objects now: 2281.
Total: 3.674000 ms (FindLiveObjects: 0.385700 ms CreateObjectMapping: 0.182100 ms MarkObjects: 3.042300 ms  DeleteObjects: 0.061700 ms)

========================================================================
Received Prepare
Registering precompiled user dll's ...
Registered in 0.002544 seconds.
Begin MonoManager ReloadAssembly
Native extension for WindowsStandalone target not found
Native extension for OSXStandalone target not found
Refreshing native plugins compatible for Editor in 0.59 ms, found 1 plugins.
Preloading 0 native plugins for Editor in 0.00 ms.
Invoked RoslynAnalysisRunner static constructor.
RoslynAnalysisRunner will not be running.
RoslynAnalysisRunner has terminated.
Mono: successfully reloaded assembly
- Completed reload, in  2.057 seconds
Platform modules already initialized, skipping
Refreshing native plugins compatible for Editor in 0.45 ms, found 1 plugins.
Preloading 0 native plugins for Editor in 0.00 ms.
Unloading 1795 Unused Serialized files (Serialized files now loaded: 0)
System memory in use before: 87.6 MB.
System memory in use after: 87.7 MB.

Unloading 8 unused Assets to reduce memory usage. Loaded Objects now: 2283.
Total: 3.005700 ms (FindLiveObjects: 0.488000 ms CreateObjectMapping: 0.148000 ms MarkObjects: 2.322500 ms  DeleteObjects: 0.045100 ms)

========================================================================
Received Prepare
Registering precompiled user dll's ...
Registered in 0.002792 seconds.
Begin MonoManager ReloadAssembly
Native extension for WindowsStandalone target not found
Native extension for OSXStandalone target not found
Refreshing native plugins compatible for Editor in 0.62 ms, found 1 plugins.
Preloading 0 native plugins for Editor in 0.00 ms.
Invoked RoslynAnalysisRunner static constructor.
RoslynAnalysisRunner will not be running.
RoslynAnalysisRunner has terminated.
Mono: successfully reloaded assembly
- Completed reload, in  2.382 seconds
Platform modules already initialized, skipping
Refreshing native plugins compatible for Editor in 1.07 ms, found 1 plugins.
Preloading 0 native plugins for Editor in 0.00 ms.
Unloading 1795 Unused Serialized files (Serialized files now loaded: 0)
System memory in use before: 87.6 MB.
System memory in use after: 87.7 MB.

Unloading 8 unused Assets to reduce memory usage. Loaded Objects now: 2285.
Total: 4.067400 ms (FindLiveObjects: 0.605400 ms CreateObjectMapping: 0.204300 ms MarkObjects: 3.221900 ms  DeleteObjects: 0.032400 ms)

========================================================================
Received Prepare
Registering precompiled user dll's ...
Registered in 0.002900 seconds.
Begin MonoManager ReloadAssembly
Native extension for WindowsStandalone target not found
Native extension for OSXStandalone target not found
Refreshing native plugins compatible for Editor in 0.70 ms, found 1 plugins.
Preloading 0 native plugins for Editor in 0.00 ms.
Invoked RoslynAnalysisRunner static constructor.
RoslynAnalysisRunner will not be running.
RoslynAnalysisRunner has terminated.
Mono: successfully reloaded assembly
- Completed reload, in  2.171 seconds
Platform modules already initialized, skipping
Refreshing native plugins compatible for Editor in 1.14 ms, found 1 plugins.
Preloading 0 native plugins for Editor in 0.00 ms.
Unloading 1795 Unused Serialized files (Serialized files now loaded: 0)
System memory in use before: 87.6 MB.
System memory in use after: 87.7 MB.

Unloading 8 unused Assets to reduce memory usage. Loaded Objects now: 2287.
Total: 5.674500 ms (FindLiveObjects: 0.439300 ms CreateObjectMapping: 0.191600 ms MarkObjects: 4.980000 ms  DeleteObjects: 0.060900 ms)

========================================================================
Received Prepare
Registering precompiled user dll's ...
Registered in 0.001755 seconds.
Begin MonoManager ReloadAssembly
Native extension for WindowsStandalone target not found
Native extension for OSXStandalone target not found
Refreshing native plugins compatible for Editor in 0.55 ms, found 1 plugins.
Preloading 0 native plugins for Editor in 0.00 ms.
Invoked RoslynAnalysisRunner static constructor.
RoslynAnalysisRunner will not be running.
RoslynAnalysisRunner has terminated.
Mono: successfully reloaded assembly
- Completed reload, in  1.462 seconds
Platform modules already initialized, skipping
Refreshing native plugins compatible for Editor in 0.44 ms, found 1 plugins.
Preloading 0 native plugins for Editor in 0.00 ms.
Unloading 1795 Unused Serialized files (Serialized files now loaded: 0)
System memory in use before: 87.6 MB.
System memory in use after: 87.7 MB.

Unloading 8 unused Assets to reduce memory usage. Loaded Objects now: 2289.
Total: 2.363200 ms (FindLiveObjects: 0.342300 ms CreateObjectMapping: 0.096000 ms MarkObjects: 1.904500 ms  DeleteObjects: 0.019300 ms)

========================================================================
Received Prepare
Registering precompiled user dll's ...
Registered in 0.001790 seconds.
Begin MonoManager ReloadAssembly
Native extension for WindowsStandalone target not found
Native extension for OSXStandalone target not found
Refreshing native plugins compatible for Editor in 0.59 ms, found 1 plugins.
Preloading 0 native plugins for Editor in 0.00 ms.
Invoked RoslynAnalysisRunner static constructor.
RoslynAnalysisRunner will not be running.
RoslynAnalysisRunner has terminated.
Mono: successfully reloaded assembly
- Completed reload, in  2.098 seconds
Platform modules already initialized, skipping
Refreshing native plugins compatible for Editor in 0.61 ms, found 1 plugins.
Preloading 0 native plugins for Editor in 0.00 ms.
Unloading 1795 Unused Serialized files (Serialized files now loaded: 0)
System memory in use before: 87.6 MB.
System memory in use after: 87.8 MB.

Unloading 8 unused Assets to reduce memory usage. Loaded Objects now: 2291.
Total: 3.956100 ms (FindLiveObjects: 0.441400 ms CreateObjectMapping: 0.181600 ms MarkObjects: 3.276600 ms  DeleteObjects: 0.054100 ms)

========================================================================
Received Prepare
Registering precompiled user dll's ...
Registered in 0.002847 seconds.
Begin MonoManager ReloadAssembly
Native extension for WindowsStandalone target not found
Native extension for OSXStandalone target not found
Refreshing native plugins compatible for Editor in 0.91 ms, found 1 plugins.
Preloading 0 native plugins for Editor in 0.00 ms.
Invoked RoslynAnalysisRunner static constructor.
RoslynAnalysisRunner will not be running.
RoslynAnalysisRunner has terminated.
Mono: successfully reloaded assembly
- Completed reload, in  1.813 seconds
Platform modules already initialized, skipping
Refreshing native plugins compatible for Editor in 0.46 ms, found 1 plugins.
Preloading 0 native plugins for Editor in 0.00 ms.
Unloading 1795 Unused Serialized files (Serialized files now loaded: 0)
System memory in use before: 87.6 MB.
System memory in use after: 87.8 MB.

Unloading 8 unused Assets to reduce memory usage. Loaded Objects now: 2293.
Total: 5.624500 ms (FindLiveObjects: 0.511700 ms CreateObjectMapping: 0.171300 ms MarkObjects: 4.894900 ms  DeleteObjects: 0.043500 ms)

========================================================================
Received Import Request.
  Time since last request: 2399.579006 seconds.
  path: Assets/pathfollower.prefab
  artifactKey: Guid(a96e49d7db90a9f43acb4fbacba5f969) Importer(815301076,1909f56bfc062723c751e8b465ee728b)
Start importing Assets/pathfollower.prefab using Guid(a96e49d7db90a9f43acb4fbacba5f969) Importer(815301076,1909f56bfc062723c751e8b465ee728b)  -> (artifact id: '76de394f0b328e77154539b533defa0b') in 0.248255 seconds
  Import took 0.257345 seconds .

========================================================================
Received Prepare
Registering precompiled user dll's ...
Registered in 0.002733 seconds.
Begin MonoManager ReloadAssembly
Native extension for WindowsStandalone target not found
Native extension for OSXStandalone target not found
Refreshing native plugins compatible for Editor in 0.82 ms, found 1 plugins.
Preloading 0 native plugins for Editor in 0.00 ms.
Invoked RoslynAnalysisRunner static constructor.
RoslynAnalysisRunner will not be running.
RoslynAnalysisRunner has terminated.
Mono: successfully reloaded assembly
- Completed reload, in  2.509 seconds
Platform modules already initialized, skipping
Refreshing native plugins compatible for Editor in 0.59 ms, found 1 plugins.
Preloading 0 native plugins for Editor in 0.00 ms.
Unloading 1795 Unused Serialized files (Serialized files now loaded: 0)
System memory in use before: 87.7 MB.
System memory in use after: 87.8 MB.

Unloading 8 unused Assets to reduce memory usage. Loaded Objects now: 2300.
Total: 5.089600 ms (FindLiveObjects: 0.479200 ms CreateObjectMapping: 0.208300 ms MarkObjects: 4.355600 ms  DeleteObjects: 0.043200 ms)

========================================================================
Received Import Request.
  Time since last request: 11.813096 seconds.
  path: Assets/pathfollower.prefab
  artifactKey: Guid(a96e49d7db90a9f43acb4fbacba5f969) Importer(815301076,1909f56bfc062723c751e8b465ee728b)
Start importing Assets/pathfollower.prefab using Guid(a96e49d7db90a9f43acb4fbacba5f969) Importer(815301076,1909f56bfc062723c751e8b465ee728b)  -> (artifact id: '28821270a52c6ba6aa6081b8dd3437bd') in 0.221734 seconds
  Import took 0.230049 seconds .

========================================================================
Received Prepare
Registering precompiled user dll's ...
Registered in 0.002312 seconds.
Begin MonoManager ReloadAssembly
Native extension for WindowsStandalone target not found
Native extension for OSXStandalone target not found
Refreshing native plugins compatible for Editor in 1.08 ms, found 1 plugins.
Preloading 0 native plugins for Editor in 0.00 ms.
Invoked RoslynAnalysisRunner static constructor.
RoslynAnalysisRunner will not be running.
RoslynAnalysisRunner has terminated.
Mono: successfully reloaded assembly
- Completed reload, in  2.199 seconds
Platform modules already initialized, skipping
Refreshing native plugins compatible for Editor in 1.19 ms, found 1 plugins.
Preloading 0 native plugins for Editor in 0.00 ms.
Unloading 1795 Unused Serialized files (Serialized files now loaded: 0)
System memory in use before: 87.7 MB.
System memory in use after: 87.8 MB.

Unloading 8 unused Assets to reduce memory usage. Loaded Objects now: 2303.
Total: 4.579600 ms (FindLiveObjects: 0.329000 ms CreateObjectMapping: 0.127500 ms MarkObjects: 4.076100 ms  DeleteObjects: 0.040900 ms)

========================================================================
Received Import Request.
  Time since last request: 10.163067 seconds.
  path: Assets/pathfollower.prefab
  artifactKey: Guid(a96e49d7db90a9f43acb4fbacba5f969) Importer(815301076,1909f56bfc062723c751e8b465ee728b)
Start importing Assets/pathfollower.prefab using Guid(a96e49d7db90a9f43acb4fbacba5f969) Importer(815301076,1909f56bfc062723c751e8b465ee728b)  -> (artifact id: 'd239d3248a8c8b77032e17581b46c5bd') in 0.137786 seconds
  Import took 0.147115 seconds .

========================================================================
Received Prepare
Registering precompiled user dll's ...
Registered in 0.001778 seconds.
Begin MonoManager ReloadAssembly
Native extension for WindowsStandalone target not found
Native extension for OSXStandalone target not found
Refreshing native plugins compatible for Editor in 0.53 ms, found 1 plugins.
Preloading 0 native plugins for Editor in 0.00 ms.
Invoked RoslynAnalysisRunner static constructor.
RoslynAnalysisRunner will not be running.
RoslynAnalysisRunner has terminated.
Mono: successfully reloaded assembly
- Completed reload, in  2.200 seconds
Platform modules already initialized, skipping
Refreshing native plugins compatible for Editor in 1.02 ms, found 1 plugins.
Preloading 0 native plugins for Editor in 0.00 ms.
Unloading 1795 Unused Serialized files (Serialized files now loaded: 0)
System memory in use before: 87.7 MB.
System memory in use after: 87.8 MB.

Unloading 8 unused Assets to reduce memory usage. Loaded Objects now: 2306.
Total: 6.127700 ms (FindLiveObjects: 0.424400 ms CreateObjectMapping: 0.189600 ms MarkObjects: 5.468600 ms  DeleteObjects: 0.040800 ms)

========================================================================
Received Import Request.
  Time since last request: 47.251810 seconds.
  path: Assets/pathfollower.prefab
  artifactKey: Guid(a96e49d7db90a9f43acb4fbacba5f969) Importer(815301076,1909f56bfc062723c751e8b465ee728b)
Start importing Assets/pathfollower.prefab using Guid(a96e49d7db90a9f43acb4fbacba5f969) Importer(815301076,1909f56bfc062723c751e8b465ee728b)  -> (artifact id: 'c0d7f70cf3bca43cc70f88770843d0b7') in 0.204383 seconds
  Import took 0.213809 seconds .

========================================================================
Received Import Request.
  Time since last request: 17.379599 seconds.
  path: Assets/pathfollower.prefab
  artifactKey: Guid(a96e49d7db90a9f43acb4fbacba5f969) Importer(815301076,1909f56bfc062723c751e8b465ee728b)
Start importing Assets/pathfollower.prefab using Guid(a96e49d7db90a9f43acb4fbacba5f969) Importer(815301076,1909f56bfc062723c751e8b465ee728b)  -> (artifact id: '2201bac9332ecc4a382e4e3a56de3135') in 0.025910 seconds
  Import took 0.039301 seconds .

========================================================================
Received Import Request.
  Time since last request: 3.995831 seconds.
  path: Assets/pathfollower.prefab
  artifactKey: Guid(a96e49d7db90a9f43acb4fbacba5f969) Importer(815301076,1909f56bfc062723c751e8b465ee728b)
Start importing Assets/pathfollower.prefab using Guid(a96e49d7db90a9f43acb4fbacba5f969) Importer(815301076,1909f56bfc062723c751e8b465ee728b)  -> (artifact id: '6cbf1960eab7573bc9529716e679815b') in 0.030112 seconds
  Import took 0.038287 seconds .

========================================================================
Received Import Request.
  Time since last request: 4.788325 seconds.
  path: Assets/pathfollower.prefab
  artifactKey: Guid(a96e49d7db90a9f43acb4fbacba5f969) Importer(815301076,1909f56bfc062723c751e8b465ee728b)
Start importing Assets/pathfollower.prefab using Guid(a96e49d7db90a9f43acb4fbacba5f969) Importer(815301076,1909f56bfc062723c751e8b465ee728b)  -> (artifact id: 'aad3eca692e1ffbc66537052757abdf9') in 0.033176 seconds
  Import took 0.041964 seconds .

========================================================================
Received Prepare
Registering precompiled user dll's ...
Registered in 0.001724 seconds.
Begin MonoManager ReloadAssembly
Native extension for WindowsStandalone target not found
Native extension for OSXStandalone target not found
Refreshing native plugins compatible for Editor in 0.61 ms, found 1 plugins.
Preloading 0 native plugins for Editor in 0.00 ms.
Invoked RoslynAnalysisRunner static constructor.
RoslynAnalysisRunner will not be running.
RoslynAnalysisRunner has terminated.
Mono: successfully reloaded assembly
- Completed reload, in  1.958 seconds
Platform modules already initialized, skipping
Refreshing native plugins compatible for Editor in 0.58 ms, found 1 plugins.
Preloading 0 native plugins for Editor in 0.00 ms.
Unloading 1795 Unused Serialized files (Serialized files now loaded: 0)
System memory in use before: 87.7 MB.
System memory in use after: 87.9 MB.

Unloading 8 unused Assets to reduce memory usage. Loaded Objects now: 2309.
Total: 2.933700 ms (FindLiveObjects: 0.316100 ms CreateObjectMapping: 0.197100 ms MarkObjects: 2.386800 ms  DeleteObjects: 0.031400 ms)

========================================================================
Received Prepare
Registering precompiled user dll's ...
Registered in 0.003757 seconds.
Begin MonoManager ReloadAssembly
Native extension for WindowsStandalone target not found
Native extension for OSXStandalone target not found
Refreshing native plugins compatible for Editor in 0.61 ms, found 1 plugins.
Preloading 0 native plugins for Editor in 0.00 ms.
Invoked RoslynAnalysisRunner static constructor.
RoslynAnalysisRunner will not be running.
RoslynAnalysisRunner has terminated.
Mono: successfully reloaded assembly
- Completed reload, in  1.953 seconds
Platform modules already initialized, skipping
Refreshing native plugins compatible for Editor in 0.57 ms, found 1 plugins.
Preloading 0 native plugins for Editor in 0.00 ms.
Unloading 1795 Unused Serialized files (Serialized files now loaded: 0)
System memory in use before: 87.8 MB.
System memory in use after: 87.9 MB.

Unloading 8 unused Assets to reduce memory usage. Loaded Objects now: 2311.
Total: 5.336200 ms (FindLiveObjects: 0.605400 ms CreateObjectMapping: 0.204500 ms MarkObjects: 4.483400 ms  DeleteObjects: 0.040300 ms)

========================================================================
Received Prepare
Registering precompiled user dll's ...
Registered in 0.003027 seconds.
Begin MonoManager ReloadAssembly
Native extension for WindowsStandalone target not found
Native extension for OSXStandalone target not found
Refreshing native plugins compatible for Editor in 0.58 ms, found 1 plugins.
Preloading 0 native plugins for Editor in 0.00 ms.
Invoked RoslynAnalysisRunner static constructor.
RoslynAnalysisRunner will not be running.
RoslynAnalysisRunner has terminated.
Mono: successfully reloaded assembly
- Completed reload, in  2.261 seconds
Platform modules already initialized, skipping
Refreshing native plugins compatible for Editor in 0.67 ms, found 1 plugins.
Preloading 0 native plugins for Editor in 0.00 ms.
Unloading 1795 Unused Serialized files (Serialized files now loaded: 0)
System memory in use before: 87.8 MB.
System memory in use after: 87.9 MB.

Unloading 8 unused Assets to reduce memory usage. Loaded Objects now: 2313.
Total: 3.803800 ms (FindLiveObjects: 0.369600 ms CreateObjectMapping: 0.197400 ms MarkObjects: 3.195200 ms  DeleteObjects: 0.039300 ms)

========================================================================
Received Prepare
Registering precompiled user dll's ...
Registered in 0.002557 seconds.
Begin MonoManager ReloadAssembly
Native extension for WindowsStandalone target not found
Native extension for OSXStandalone target not found
Refreshing native plugins compatible for Editor in 1.08 ms, found 1 plugins.
Preloading 0 native plugins for Editor in 0.00 ms.
Invoked RoslynAnalysisRunner static constructor.
RoslynAnalysisRunner will not be running.
RoslynAnalysisRunner has terminated.
Mono: successfully reloaded assembly
- Completed reload, in  2.577 seconds
Platform modules already initialized, skipping
Refreshing native plugins compatible for Editor in 0.62 ms, found 1 plugins.
Preloading 0 native plugins for Editor in 0.00 ms.
Unloading 1795 Unused Serialized files (Serialized files now loaded: 0)
System memory in use before: 87.8 MB.
System memory in use after: 87.9 MB.

Unloading 8 unused Assets to reduce memory usage. Loaded Objects now: 2315.
Total: 6.745000 ms (FindLiveObjects: 0.619600 ms CreateObjectMapping: 0.204600 ms MarkObjects: 5.834300 ms  DeleteObjects: 0.082600 ms)

========================================================================
Received Import Request.
  Time since last request: 615.974877 seconds.
  path: Assets/pathfollower.prefab
  artifactKey: Guid(a96e49d7db90a9f43acb4fbacba5f969) Importer(815301076,1909f56bfc062723c751e8b465ee728b)
Start importing Assets/pathfollower.prefab using Guid(a96e49d7db90a9f43acb4fbacba5f969) Importer(815301076,1909f56bfc062723c751e8b465ee728b)  -> (artifact id: '26d6b33e42cacd674550ca1acbbe11d1') in 0.127113 seconds
  Import took 0.139614 seconds .

========================================================================
Received Prepare
Registering precompiled user dll's ...
Registered in 0.002380 seconds.
Begin MonoManager ReloadAssembly
Native extension for WindowsStandalone target not found
Native extension for OSXStandalone target not found
Refreshing native plugins compatible for Editor in 0.47 ms, found 1 plugins.
Preloading 0 native plugins for Editor in 0.00 ms.
Invoked RoslynAnalysisRunner static constructor.
RoslynAnalysisRunner will not be running.
RoslynAnalysisRunner has terminated.
Mono: successfully reloaded assembly
- Completed reload, in  1.978 seconds
Platform modules already initialized, skipping
Refreshing native plugins compatible for Editor in 0.58 ms, found 1 plugins.
Preloading 0 native plugins for Editor in 0.00 ms.
Unloading 1795 Unused Serialized files (Serialized files now loaded: 0)
System memory in use before: 87.8 MB.
System memory in use after: 87.9 MB.

Unloading 8 unused Assets to reduce memory usage. Loaded Objects now: 2318.
Total: 2.833800 ms (FindLiveObjects: 0.319800 ms CreateObjectMapping: 0.132300 ms MarkObjects: 2.353400 ms  DeleteObjects: 0.026100 ms)

========================================================================
Received Prepare
Registering precompiled user dll's ...
Registered in 0.003797 seconds.
Begin MonoManager ReloadAssembly
Native extension for WindowsStandalone target not found
Native extension for OSXStandalone target not found
Refreshing native plugins compatible for Editor in 0.59 ms, found 1 plugins.
Preloading 0 native plugins for Editor in 0.00 ms.
Invoked RoslynAnalysisRunner static constructor.
RoslynAnalysisRunner will not be running.
RoslynAnalysisRunner has terminated.
Mono: successfully reloaded assembly
- Completed reload, in  3.128 seconds
Platform modules already initialized, skipping
Refreshing native plugins compatible for Editor in 1.01 ms, found 1 plugins.
Preloading 0 native plugins for Editor in 0.00 ms.
Unloading 1796 Unused Serialized files (Serialized files now loaded: 0)
System memory in use before: 87.8 MB.
System memory in use after: 87.9 MB.

Unloading 8 unused Assets to reduce memory usage. Loaded Objects now: 2321.
Total: 6.700300 ms (FindLiveObjects: 0.851500 ms CreateObjectMapping: 1.042300 ms MarkObjects: 4.749000 ms  DeleteObjects: 0.054300 ms)

========================================================================
Received Prepare
Registering precompiled user dll's ...
Registered in 0.002164 seconds.
Begin MonoManager ReloadAssembly
Native extension for WindowsStandalone target not found
Native extension for OSXStandalone target not found
Refreshing native plugins compatible for Editor in 0.63 ms, found 1 plugins.
Preloading 0 native plugins for Editor in 0.00 ms.
Invoked RoslynAnalysisRunner static constructor.
RoslynAnalysisRunner will not be running.
RoslynAnalysisRunner has terminated.
Mono: successfully reloaded assembly
- Completed reload, in  2.028 seconds
Platform modules already initialized, skipping
Refreshing native plugins compatible for Editor in 0.61 ms, found 1 plugins.
Preloading 0 native plugins for Editor in 0.00 ms.
Unloading 1796 Unused Serialized files (Serialized files now loaded: 0)
System memory in use before: 87.8 MB.
System memory in use after: 87.9 MB.

Unloading 8 unused Assets to reduce memory usage. Loaded Objects now: 2323.
Total: 3.845000 ms (FindLiveObjects: 0.507300 ms CreateObjectMapping: 0.158800 ms MarkObjects: 3.087900 ms  DeleteObjects: 0.088000 ms)

========================================================================
Received Import Request.
  Time since last request: 444.077672 seconds.
  path: Assets/WallDetector.cs
  artifactKey: Guid(b65a303e8304349449fd88323d91c350) Importer(815301076,1909f56bfc062723c751e8b465ee728b)
Start importing Assets/WallDetector.cs using Guid(b65a303e8304349449fd88323d91c350) Importer(815301076,1909f56bfc062723c751e8b465ee728b)  -> (artifact id: 'a09b80c1186ee0fabab862091e10db89') in 0.015852 seconds
  Import took 0.024990 seconds .

========================================================================
Received Prepare
Registering precompiled user dll's ...
Registered in 0.003403 seconds.
Begin MonoManager ReloadAssembly
Native extension for WindowsStandalone target not found
Native extension for OSXStandalone target not found
Refreshing native plugins compatible for Editor in 0.57 ms, found 1 plugins.
Preloading 0 native plugins for Editor in 0.00 ms.
Invoked RoslynAnalysisRunner static constructor.
RoslynAnalysisRunner will not be running.
RoslynAnalysisRunner has terminated.
Mono: successfully reloaded assembly
- Completed reload, in  2.310 seconds
Platform modules already initialized, skipping
Refreshing native plugins compatible for Editor in 0.59 ms, found 1 plugins.
Preloading 0 native plugins for Editor in 0.00 ms.
Unloading 1795 Unused Serialized files (Serialized files now loaded: 0)
System memory in use before: 87.8 MB.
System memory in use after: 87.9 MB.

Unloading 8 unused Assets to reduce memory usage. Loaded Objects now: 2325.
Total: 5.206500 ms (FindLiveObjects: 0.428600 ms CreateObjectMapping: 0.175200 ms MarkObjects: 4.565300 ms  DeleteObjects: 0.034600 ms)

